# JRE version: OpenJDK Runtime Environment Temurin-21.0.9+10 (21.0.9+10) (build 21.0.9+10-LTS)
# Java VM: OpenJDK 64-Bit Server VM Temurin-21.0.9+10 (21.0.9+10-LTS, mixed mode, sharing, tiered, compressed oops, compressed class ptrs, parallel gc, windows-amd64)
GC Precious Log:
 CardTable entry size: 512
 CPUs: 12 total, 12 available
 Memory: 14188M
 Large Page Support: Disabled
 NUMA Support: Disabled
 Compressed Oops: Enabled (32-bit)
 Alignments: Space 512K, Generation 512K, Heap 2M
 Heap Min Capacity: 100M
 Heap Initial Capacity: 100M
 Heap Max Capacity: 2G
 Pre-touch: Disabled
 Parallel Workers: 10
Heap:
 PSYoungGen      total 3584K, used 2057K [0x00000000d5580000, 0x00000000d5a80000, 0x0000000100000000)
  eden space 3072K, 51% used [0x00000000d5580000,0x00000000d570a6c8,0x00000000d5880000)
  from space 512K, 93% used [0x00000000d5a00000,0x00000000d5a780b8,0x00000000d5a80000)
  to   space 1024K, 0% used [0x00000000d5880000,0x00000000d5880000,0x00000000d5980000)
 ParOldGen       total 934912K, used 554135K [0x0000000080000000, 0x00000000b9100000, 0x00000000d5580000)
  object space 934912K, 59% used [0x0000000080000000,0x00000000a1d25df8,0x00000000b9100000)
 Metaspace       used 69274K, committed 70720K, reserved 1114112K
  class space    used 8030K, committed 8640K, reserved 1048576K
GC Heap History (20 events):
Event: 60.489 GC heap before
{Heap before GC invocations=1243 (full 3):
 PSYoungGen      total 4608K, used 4203K [0x00000000d5580000, 0x00000000d5b80000, 0x0000000100000000)
  eden space 3072K, 95% used [0x00000000d5580000,0x00000000d585ad08,0x00000000d5880000)
  from space 1536K, 83% used [0x00000000d5900000,0x00000000d5a3ffe0,0x00000000d5a80000)
  to   space 1024K, 0% used [0x00000000d5a80000,0x00000000d5a80000,0x00000000d5b80000)
 ParOldGen       total 934912K, used 553695K [0x0000000080000000, 0x00000000b9100000, 0x00000000d5580000)
  object space 934912K, 59% used [0x0000000080000000,0x00000000a1cb7df8,0x00000000b9100000)
 Metaspace       used 67781K, committed 69248K, reserved 1114112K
  class space    used 7885K, committed 8512K, reserved 1048576K
}
Event: 60.491 GC heap after
{Heap after GC invocations=1243 (full 3):
 PSYoungGen      total 4096K, used 947K [0x00000000d5580000, 0x00000000d5b80000, 0x0000000100000000)
  eden space 3072K, 0% used [0x00000000d5580000,0x00000000d5580000,0x00000000d5880000)
  from space 1024K, 92% used [0x00000000d5a80000,0x00000000d5b6cf60,0x00000000d5b80000)
  to   space 1536K, 0% used [0x00000000d5880000,0x00000000d5880000,0x00000000d5a00000)
 ParOldGen       total 934912K, used 553695K [0x0000000080000000, 0x00000000b9100000, 0x00000000d5580000)
  object space 934912K, 59% used [0x0000000080000000,0x00000000a1cb7df8,0x00000000b9100000)
 Metaspace       used 67781K, committed 69248K, reserved 1114112K
  class space    used 7885K, committed 8512K, reserved 1048576K
}
Event: 60.508 GC heap before
{Heap before GC invocations=1244 (full 3):
 PSYoungGen      total 4096K, used 4019K [0x00000000d5580000, 0x00000000d5b80000, 0x0000000100000000)
  eden space 3072K, 100% used [0x00000000d5580000,0x00000000d5880000,0x00000000d5880000)
  from space 1024K, 92% used [0x00000000d5a80000,0x00000000d5b6cf60,0x00000000d5b80000)
  to   space 1536K, 0% used [0x00000000d5880000,0x00000000d5880000,0x00000000d5a00000)
 ParOldGen       total 934912K, used 553695K [0x0000000080000000, 0x00000000b9100000, 0x00000000d5580000)
  object space 934912K, 59% used [0x0000000080000000,0x00000000a1cb7df8,0x00000000b9100000)
 Metaspace       used 67786K, committed 69248K, reserved 1114112K
  class space    used 7885K, committed 8512K, reserved 1048576K
}
Event: 60.510 GC heap after
{Heap after GC invocations=1244 (full 3):
 PSYoungGen      total 4608K, used 1001K [0x00000000d5580000, 0x00000000d5b00000, 0x0000000100000000)
  eden space 3072K, 0% used [0x00000000d5580000,0x00000000d5580000,0x00000000d5880000)
  from space 1536K, 65% used [0x00000000d5880000,0x00000000d597a620,0x00000000d5a00000)
  to   space 1024K, 0% used [0x00000000d5a00000,0x00000000d5a00000,0x00000000d5b00000)
 ParOldGen       total 934912K, used 553703K [0x0000000080000000, 0x00000000b9100000, 0x00000000d5580000)
  object space 934912K, 59% used [0x0000000080000000,0x00000000a1cb9df8,0x00000000b9100000)
 Metaspace       used 67786K, committed 69248K, reserved 1114112K
  class space    used 7885K, committed 8512K, reserved 1048576K
}
Event: 60.525 GC heap before
{Heap before GC invocations=1245 (full 3):
 PSYoungGen      total 4608K, used 4073K [0x00000000d5580000, 0x00000000d5b00000, 0x0000000100000000)
  eden space 3072K, 100% used [0x00000000d5580000,0x00000000d5880000,0x00000000d5880000)
  from space 1536K, 65% used [0x00000000d5880000,0x00000000d597a620,0x00000000d5a00000)
  to   space 1024K, 0% used [0x00000000d5a00000,0x00000000d5a00000,0x00000000d5b00000)
 ParOldGen       total 934912K, used 553703K [0x0000000080000000, 0x00000000b9100000, 0x00000000d5580000)
  object space 934912K, 59% used [0x0000000080000000,0x00000000a1cb9df8,0x00000000b9100000)
 Metaspace       used 67790K, committed 69248K, reserved 1114112K
  class space    used 7885K, committed 8512K, reserved 1048576K
}
Event: 60.537 GC heap after
{Heap after GC invocations=1245 (full 3):
 PSYoungGen      total 4096K, used 1003K [0x00000000d5580000, 0x00000000d5b80000, 0x0000000100000000)
  eden space 3072K, 0% used [0x00000000d5580000,0x00000000d5580000,0x00000000d5880000)
  from space 1024K, 97% used [0x00000000d5a00000,0x00000000d5afada0,0x00000000d5b00000)
  to   space 1536K, 0% used [0x00000000d5880000,0x00000000d5880000,0x00000000d5a00000)
 ParOldGen       total 934912K, used 553727K [0x0000000080000000, 0x00000000b9100000, 0x00000000d5580000)
  object space 934912K, 59% used [0x0000000080000000,0x00000000a1cbfdf8,0x00000000b9100000)
 Metaspace       used 67790K, committed 69248K, reserved 1114112K
  class space    used 7885K, committed 8512K, reserved 1048576K
}
Event: 60.546 GC heap before
{Heap before GC invocations=1246 (full 3):
 PSYoungGen      total 4096K, used 4013K [0x00000000d5580000, 0x00000000d5b80000, 0x0000000100000000)
  eden space 3072K, 97% used [0x00000000d5580000,0x00000000d5870688,0x00000000d5880000)
  from space 1024K, 97% used [0x00000000d5a00000,0x00000000d5afada0,0x00000000d5b00000)
  to   space 1536K, 0% used [0x00000000d5880000,0x00000000d5880000,0x00000000d5a00000)
 ParOldGen       total 934912K, used 553727K [0x0000000080000000, 0x00000000b9100000, 0x00000000d5580000)
  object space 934912K, 59% used [0x0000000080000000,0x00000000a1cbfdf8,0x00000000b9100000)
 Metaspace       used 67797K, committed 69248K, reserved 1114112K
  class space    used 7885K, committed 8512K, reserved 1048576K
}
Event: 60.547 GC heap after
{Heap after GC invocations=1246 (full 3):
 PSYoungGen      total 4608K, used 1168K [0x00000000d5580000, 0x00000000d5b80000, 0x0000000100000000)
  eden space 3072K, 0% used [0x00000000d5580000,0x00000000d5580000,0x00000000d5880000)
  from space 1536K, 76% used [0x00000000d5880000,0x00000000d59a43d0,0x00000000d5a00000)
  to   space 1536K, 0% used [0x00000000d5a00000,0x00000000d5a00000,0x00000000d5b80000)
 ParOldGen       total 934912K, used 553767K [0x0000000080000000, 0x00000000b9100000, 0x00000000d5580000)
  object space 934912K, 59% used [0x0000000080000000,0x00000000a1cc9df8,0x00000000b9100000)
 Metaspace       used 67797K, committed 69248K, reserved 1114112K
  class space    used 7885K, committed 8512K, reserved 1048576K
}
Event: 60.554 GC heap before
{Heap before GC invocations=1247 (full 3):
 PSYoungGen      total 4608K, used 4240K [0x00000000d5580000, 0x00000000d5b80000, 0x0000000100000000)
  eden space 3072K, 100% used [0x00000000d5580000,0x00000000d5880000,0x00000000d5880000)
  from space 1536K, 76% used [0x00000000d5880000,0x00000000d59a43d0,0x00000000d5a00000)
  to   space 1536K, 0% used [0x00000000d5a00000,0x00000000d5a00000,0x00000000d5b80000)
 ParOldGen       total 934912K, used 553767K [0x0000000080000000, 0x00000000b9100000, 0x00000000d5580000)
  object space 934912K, 59% used [0x0000000080000000,0x00000000a1cc9df8,0x00000000b9100000)
 Metaspace       used 67797K, committed 69248K, reserved 1114112K
  class space    used 7885K, committed 8512K, reserved 1048576K
}
Event: 60.555 GC heap after
{Heap after GC invocations=1247 (full 3):
 PSYoungGen      total 4608K, used 1033K [0x00000000d5580000, 0x00000000d5b80000, 0x0000000100000000)
  eden space 3072K, 0% used [0x00000000d5580000,0x00000000d5580000,0x00000000d5880000)
  from space 1536K, 67% used [0x00000000d5a00000,0x00000000d5b02798,0x00000000d5b80000)
  to   space 1536K, 0% used [0x00000000d5880000,0x00000000d5880000,0x00000000d5a00000)
 ParOldGen       total 934912K, used 553791K [0x0000000080000000, 0x00000000b9100000, 0x00000000d5580000)
  object space 934912K, 59% used [0x0000000080000000,0x00000000a1ccfdf8,0x00000000b9100000)
 Metaspace       used 67797K, committed 69248K, reserved 1114112K
  class space    used 7885K, committed 8512K, reserved 1048576K
}
Event: 60.561 GC heap before
{Heap before GC invocations=1248 (full 3):
 PSYoungGen      total 4608K, used 4105K [0x00000000d5580000, 0x00000000d5b80000, 0x0000000100000000)
  eden space 3072K, 100% used [0x00000000d5580000,0x00000000d5880000,0x00000000d5880000)
  from space 1536K, 67% used [0x00000000d5a00000,0x00000000d5b02798,0x00000000d5b80000)
  to   space 1536K, 0% used [0x00000000d5880000,0x00000000d5880000,0x00000000d5a00000)
 ParOldGen       total 934912K, used 553791K [0x0000000080000000, 0x00000000b9100000, 0x00000000d5580000)
  object space 934912K, 59% used [0x0000000080000000,0x00000000a1ccfdf8,0x00000000b9100000)
 Metaspace       used 67797K, committed 69248K, reserved 1114112K
  class space    used 7885K, committed 8512K, reserved 1048576K
}
Event: 60.563 GC heap after
{Heap after GC invocations=1248 (full 3):
 PSYoungGen      total 4608K, used 1188K [0x00000000d5580000, 0x00000000d5b80000, 0x0000000100000000)
  eden space 3072K, 0% used [0x00000000d5580000,0x00000000d5580000,0x00000000d5880000)
  from space 1536K, 77% used [0x00000000d5880000,0x00000000d59a9188,0x00000000d5a00000)
  to   space 1536K, 0% used [0x00000000d5a00000,0x00000000d5a00000,0x00000000d5b80000)
 ParOldGen       total 934912K, used 553807K [0x0000000080000000, 0x00000000b9100000, 0x00000000d5580000)
  object space 934912K, 59% used [0x0000000080000000,0x00000000a1cd3df8,0x00000000b9100000)
 Metaspace       used 67797K, committed 69248K, reserved 1114112K
  class space    used 7885K, committed 8512K, reserved 1048576K
}
Event: 60.566 GC heap before
{Heap before GC invocations=1249 (full 3):
 PSYoungGen      total 4608K, used 4184K [0x00000000d5580000, 0x00000000d5b80000, 0x0000000100000000)
  eden space 3072K, 97% used [0x00000000d5580000,0x00000000d586cf78,0x00000000d5880000)
  from space 1536K, 77% used [0x00000000d5880000,0x00000000d59a9188,0x00000000d5a00000)
  to   space 1536K, 0% used [0x00000000d5a00000,0x00000000d5a00000,0x00000000d5b80000)
 ParOldGen       total 934912K, used 553807K [0x0000000080000000, 0x00000000b9100000, 0x00000000d5580000)
  object space 934912K, 59% used [0x0000000080000000,0x00000000a1cd3df8,0x00000000b9100000)
 Metaspace       used 67797K, committed 69248K, reserved 1114112K
  class space    used 7885K, committed 8512K, reserved 1048576K
}
Event: 60.567 GC heap after
{Heap after GC invocations=1249 (full 3):
 PSYoungGen      total 4096K, used 758K [0x00000000d5580000, 0x00000000d5b00000, 0x0000000100000000)
  eden space 3072K, 0% used [0x00000000d5580000,0x00000000d5580000,0x00000000d5880000)
  from space 1024K, 74% used [0x00000000d5a00000,0x00000000d5abd820,0x00000000d5b00000)
  to   space 1024K, 0% used [0x00000000d5900000,0x00000000d5900000,0x00000000d5a00000)
 ParOldGen       total 934912K, used 553807K [0x0000000080000000, 0x00000000b9100000, 0x00000000d5580000)
  object space 934912K, 59% used [0x0000000080000000,0x00000000a1cd3df8,0x00000000b9100000)
 Metaspace       used 67797K, committed 69248K, reserved 1114112K
  class space    used 7885K, committed 8512K, reserved 1048576K
}
Event: 60.575 GC heap before
{Heap before GC invocations=1250 (full 3):
 PSYoungGen      total 4096K, used 3814K [0x00000000d5580000, 0x00000000d5b00000, 0x0000000100000000)
  eden space 3072K, 99% used [0x00000000d5580000,0x00000000d587c2f0,0x00000000d5880000)
  from space 1024K, 74% used [0x00000000d5a00000,0x00000000d5abd820,0x00000000d5b00000)
  to   space 1024K, 0% used [0x00000000d5900000,0x00000000d5900000,0x00000000d5a00000)
 ParOldGen       total 934912K, used 553807K [0x0000000080000000, 0x00000000b9100000, 0x00000000d5580000)
  object space 934912K, 59% used [0x0000000080000000,0x00000000a1cd3df8,0x00000000b9100000)
 Metaspace       used 67798K, committed 69248K, reserved 1114112K
  class space    used 7885K, committed 8512K, reserved 1048576K
}
Event: 60.588 GC heap after
{Heap after GC invocations=1250 (full 3):
 PSYoungGen      total 4096K, used 1004K [0x00000000d5580000, 0x00000000d5b80000, 0x0000000100000000)
  eden space 3072K, 0% used [0x00000000d5580000,0x00000000d5580000,0x00000000d5880000)
  from space 1024K, 98% used [0x00000000d5900000,0x00000000d59fb150,0x00000000d5a00000)
  to   space 1536K, 0% used [0x00000000d5a00000,0x00000000d5a00000,0x00000000d5b80000)
 ParOldGen       total 934912K, used 553935K [0x0000000080000000, 0x00000000b9100000, 0x00000000d5580000)
  object space 934912K, 59% used [0x0000000080000000,0x00000000a1cf3df8,0x00000000b9100000)
 Metaspace       used 67798K, committed 69248K, reserved 1114112K
  class space    used 7885K, committed 8512K, reserved 1048576K
}
Event: 60.643 GC heap before
{Heap before GC invocations=1251 (full 3):
 PSYoungGen      total 4096K, used 4076K [0x00000000d5580000, 0x00000000d5b80000, 0x0000000100000000)
  eden space 3072K, 100% used [0x00000000d5580000,0x00000000d5880000,0x00000000d5880000)
  from space 1024K, 98% used [0x00000000d5900000,0x00000000d59fb150,0x00000000d5a00000)
  to   space 1536K, 0% used [0x00000000d5a00000,0x00000000d5a00000,0x00000000d5b80000)
 ParOldGen       total 934912K, used 553935K [0x0000000080000000, 0x00000000b9100000, 0x00000000d5580000)
  object space 934912K, 59% used [0x0000000080000000,0x00000000a1cf3df8,0x00000000b9100000)
 Metaspace       used 68063K, committed 69504K, reserved 1114112K
  class space    used 7897K, committed 8512K, reserved 1048576K
}
Event: 60.645 GC heap after
{Heap after GC invocations=1251 (full 3):
 PSYoungGen      total 3584K, used 160K [0x00000000d5580000, 0x00000000d5a80000, 0x0000000100000000)
  eden space 3072K, 0% used [0x00000000d5580000,0x00000000d5580000,0x00000000d5880000)
  from space 512K, 31% used [0x00000000d5a00000,0x00000000d5a28000,0x00000000d5a80000)
  to   space 1024K, 0% used [0x00000000d5880000,0x00000000d5880000,0x00000000d5980000)
 ParOldGen       total 934912K, used 554063K [0x0000000080000000, 0x00000000b9100000, 0x00000000d5580000)
  object space 934912K, 59% used [0x0000000080000000,0x00000000a1d13df8,0x00000000b9100000)
 Metaspace       used 68063K, committed 69504K, reserved 1114112K
  class space    used 7897K, committed 8512K, reserved 1048576K
}
Event: 60.783 GC heap before
{Heap before GC invocations=1252 (full 3):
 PSYoungGen      total 3584K, used 3228K [0x00000000d5580000, 0x00000000d5a80000, 0x0000000100000000)
  eden space 3072K, 99% used [0x00000000d5580000,0x00000000d587f018,0x00000000d5880000)
  from space 512K, 31% used [0x00000000d5a00000,0x00000000d5a28000,0x00000000d5a80000)
  to   space 1024K, 0% used [0x00000000d5880000,0x00000000d5880000,0x00000000d5980000)
 ParOldGen       total 934912K, used 554063K [0x0000000080000000, 0x00000000b9100000, 0x00000000d5580000)
  object space 934912K, 59% used [0x0000000080000000,0x00000000a1d13df8,0x00000000b9100000)
 Metaspace       used 68597K, committed 70016K, reserved 1114112K
  class space    used 7953K, committed 8576K, reserved 1048576K
}
Event: 60.784 GC heap after
{Heap after GC invocations=1252 (full 3):
 PSYoungGen      total 4096K, used 192K [0x00000000d5580000, 0x00000000d5a80000, 0x0000000100000000)
  eden space 3072K, 0% used [0x00000000d5580000,0x00000000d5580000,0x00000000d5880000)
  from space 1024K, 18% used [0x00000000d5880000,0x00000000d58b0000,0x00000000d5980000)
  to   space 512K, 0% used [0x00000000d5a00000,0x00000000d5a00000,0x00000000d5a80000)
 ParOldGen       total 934912K, used 554103K [0x0000000080000000, 0x00000000b9100000, 0x00000000d5580000)
  object space 934912K, 59% used [0x0000000080000000,0x00000000a1d1ddf8,0x00000000b9100000)
 Metaspace       used 68597K, committed 70016K, reserved 1114112K
  class space    used 7953K, committed 8576K, reserved 1048576K
}

